SF:lib/alert_messenger.dart
DA:15,1
DA:28,1
DA:30,3
DA:31,1
DA:32,1
DA:33,1
DA:34,1
DA:35,1
DA:36,1
DA:37,1
DA:38,1
DA:39,1
DA:40,1
DA:42,1
DA:47,1
DA:50,1
DA:51,1
DA:53,1
DA:68,1
DA:75,1
DA:76,1
DA:78,1
DA:80,1
DA:81,1
DA:83,1
DA:84,1
DA:85,1
DA:86,1
DA:87,1
DA:102,1
DA:105,1
DA:107,1
DA:109,2
DA:110,1
DA:111,2
DA:112,1
DA:118,1
DA:120,1
DA:121,5
DA:122,2
DA:123,1
DA:124,4
DA:125,3
DA:130,1
DA:132,2
DA:133,1
DA:135,1
DA:138,1
DA:139,2
DA:140,4
DA:141,1
DA:143,5
DA:146,1
DA:147,5
DA:148,4
DA:149,2
DA:150,8
DA:152,5
DA:153,2
DA:160,1
DA:162,3
DA:164,2
DA:166,2
DA:170,5
DA:171,2
DA:172,1
DA:173,4
DA:178,1
DA:180,1
DA:181,1
DA:182,1
DA:186,2
DA:187,1
DA:189,1
DA:190,4
DA:194,4
DA:195,1
DA:196,2
DA:197,1
DA:198,1
DA:199,3
DA:202,2
DA:212,1
DA:219,1
DA:220,3
DA:222,1
DA:223,1
DA:226,1
DA:227,1
DA:228,1
LF:90
LH:90
end_of_record
